0 info it worked if it ends with ok
1 verbose cli [ '/usr/bin/node', '/usr/bin/npm', 'install', '-g', 'grunt-cli' ]
2 info using npm@2.2.0
3 info using node@v0.10.35
4 silly cache add args [ 'grunt-cli', null ]
5 verbose cache add spec grunt-cli
6 silly cache add parsed spec { raw: 'grunt-cli',
6 silly cache add   scope: null,
6 silly cache add   name: 'grunt-cli',
6 silly cache add   rawSpec: '',
6 silly cache add   spec: '*',
6 silly cache add   type: 'range' }
7 verbose addNamed grunt-cli@*
8 silly addNamed semver.valid null
9 silly addNamed semver.validRange *
10 silly addNameRange { name: 'grunt-cli', range: '*', hasData: false }
11 silly mapToRegistry name grunt-cli
12 silly mapToRegistry using default registry
13 silly mapToRegistry registry https://registry.npmjs.org/
14 silly mapToRegistry uri https://registry.npmjs.org/grunt-cli
15 verbose addNameRange registry:https://registry.npmjs.org/grunt-cli not in flight; fetching
16 verbose request uri https://registry.npmjs.org/grunt-cli
17 verbose request no auth needed
18 info attempt registry request try #1 at 16:52:17
19 verbose request id 6559d68b43e92e79
20 http request GET https://registry.npmjs.org/grunt-cli
21 http 200 https://registry.npmjs.org/grunt-cli
22 silly get cb [ 200,
22 silly get   { date: 'Thu, 29 Jan 2015 03:52:17 GMT',
22 silly get     server: 'CouchDB/1.5.0 (Erlang OTP/R16B03)',
22 silly get     etag: '"2FFNCC9ZO767JBIMWU6HYD92J"',
22 silly get     'content-type': 'application/json',
22 silly get     'cache-control': 'max-age=60',
22 silly get     'content-length': '20290',
22 silly get     'accept-ranges': 'bytes',
22 silly get     via: '1.1 varnish',
22 silly get     age: '0',
22 silly get     'x-served-by': 'cache-akl6420-AKL',
22 silly get     'x-cache': 'HIT',
22 silly get     'x-cache-hits': '23',
22 silly get     'x-timer': 'S1422503537.499452,VS0,VE240',
22 silly get     vary: 'Accept',
22 silly get     'keep-alive': 'timeout=10, max=50',
22 silly get     connection: 'Keep-Alive' } ]
23 silly addNameRange number 2 { name: 'grunt-cli', range: '*', hasData: true }
24 silly addNameRange versions [ 'grunt-cli',
24 silly addNameRange   [ '0.1.0',
24 silly addNameRange     '0.1.1',
24 silly addNameRange     '0.1.2',
24 silly addNameRange     '0.1.3',
24 silly addNameRange     '0.1.4',
24 silly addNameRange     '0.1.5',
24 silly addNameRange     '0.1.6',
24 silly addNameRange     '0.1.7',
24 silly addNameRange     '0.1.8',
24 silly addNameRange     '0.1.9',
24 silly addNameRange     '0.1.10',
24 silly addNameRange     '0.1.11',
24 silly addNameRange     '0.1.12',
24 silly addNameRange     '0.1.13' ] ]
25 verbose addNamed grunt-cli@0.1.13
26 silly addNamed semver.valid 0.1.13
27 silly addNamed semver.validRange 0.1.13
28 silly mapToRegistry name grunt-cli
29 silly mapToRegistry using default registry
30 silly mapToRegistry registry https://registry.npmjs.org/
31 silly mapToRegistry uri https://registry.npmjs.org/grunt-cli
32 verbose addRemoteTarball https://registry.npmjs.org/grunt-cli/-/grunt-cli-0.1.13.tgz not in flight; adding
33 verbose addRemoteTarball [ 'https://registry.npmjs.org/grunt-cli/-/grunt-cli-0.1.13.tgz',
33 verbose addRemoteTarball   'e9ebc4047631f5012d922770c39378133cad10f4' ]
34 info retry fetch attempt 1 at 16:52:17
35 info attempt registry request try #1 at 16:52:17
36 http fetch GET https://registry.npmjs.org/grunt-cli/-/grunt-cli-0.1.13.tgz
37 http fetch 200 https://registry.npmjs.org/grunt-cli/-/grunt-cli-0.1.13.tgz
38 silly fetchAndShaCheck shasum e9ebc4047631f5012d922770c39378133cad10f4
39 verbose addTmpTarball /tmp/npm-5310-572255eb/registry.npmjs.org/grunt-cli/-/grunt-cli-0.1.13.tgz not in flight; adding
40 verbose addTmpTarball already have metadata; skipping unpack for grunt-cli@0.1.13
41 silly cache afterAdd grunt-cli@0.1.13
42 verbose afterAdd /home/mk29/.npm/grunt-cli/0.1.13/package/package.json not in flight; writing
43 verbose afterAdd /home/mk29/.npm/grunt-cli/0.1.13/package/package.json written
44 silly install resolved [ { name: 'grunt-cli',
44 silly install resolved     description: 'The grunt command line interface.',
44 silly install resolved     version: '0.1.13',
44 silly install resolved     author: { name: 'Grunt Team' },
44 silly install resolved     homepage: 'http://gruntjs.com/',
44 silly install resolved     repository: { type: 'git', url: 'git://github.com/gruntjs/grunt-cli.git' },
44 silly install resolved     bugs: { url: 'http://github.com/gruntjs/grunt-cli/issues' },
44 silly install resolved     licenses: [ [Object] ],
44 silly install resolved     bin: { grunt: 'bin/grunt' },
44 silly install resolved     engines: { node: '>= 0.8.0' },
44 silly install resolved     scripts: { test: 'node bin/grunt test' },
44 silly install resolved     preferGlobal: true,
44 silly install resolved     dependencies: { nopt: '~1.0.10', 'findup-sync': '~0.1.0', resolve: '~0.3.1' },
44 silly install resolved     devDependencies: { grunt: '~0.4.0', 'grunt-contrib-jshint': '~0.2.0' },
44 silly install resolved     contributors: [ [Object], [Object], [Object], [Object] ],
44 silly install resolved     _id: 'grunt-cli@0.1.13',
44 silly install resolved     dist:
44 silly install resolved      { shasum: 'e9ebc4047631f5012d922770c39378133cad10f4',
44 silly install resolved        tarball: 'http://registry.npmjs.org/grunt-cli/-/grunt-cli-0.1.13.tgz' },
44 silly install resolved     _from: 'grunt-cli@*',
44 silly install resolved     _npmVersion: '1.3.24',
44 silly install resolved     _npmUser: { name: 'tkellen', email: 'tyler@sleekcode.net' },
44 silly install resolved     maintainers: [ [Object] ],
44 silly install resolved     directories: {},
44 silly install resolved     _shasum: 'e9ebc4047631f5012d922770c39378133cad10f4',
44 silly install resolved     _resolved: 'https://registry.npmjs.org/grunt-cli/-/grunt-cli-0.1.13.tgz' } ]
45 info install grunt-cli@0.1.13 into /usr/lib
46 info installOne grunt-cli@0.1.13
47 verbose installOne of grunt-cli to /usr/lib not in flight; installing
48 verbose lock using /home/mk29/.npm/_locks/grunt-cli-e8d57df188d50057.lock for /usr/lib/node_modules/grunt-cli
49 silly install write writing grunt-cli 0.1.13 to /usr/lib/node_modules/grunt-cli
50 silly cache addNamed cb grunt-cli@0.1.13
51 verbose unbuild lib/node_modules/grunt-cli
52 verbose gentlyRm vacuuming /usr/lib/node_modules/grunt-cli
53 verbose tar unpack /home/mk29/.npm/grunt-cli/0.1.13/package.tgz
54 verbose tar unpacking to /usr/lib/node_modules/grunt-cli
55 verbose gentlyRm vacuuming /usr/lib/node_modules/grunt-cli
56 silly gunzTarPerm modes [ '755', '644' ]
57 error tar.unpack untar error /home/mk29/.npm/grunt-cli/0.1.13/package.tgz
58 verbose unlock done using /home/mk29/.npm/_locks/grunt-cli-e8d57df188d50057.lock for /usr/lib/node_modules/grunt-cli
59 verbose fstream_path /usr/lib/node_modules/grunt-cli
60 verbose fstream_type Directory
61 verbose fstream_class DirWriter
62 verbose stack Error: EACCES, mkdir '/usr/lib/node_modules/grunt-cli'
63 verbose fstream_stack /usr/lib/node_modules/npm/node_modules/fstream/lib/dir-writer.js:36:23
63 verbose fstream_stack /usr/lib/node_modules/npm/node_modules/mkdirp/index.js:46:53
63 verbose fstream_stack Object.oncomplete (fs.js:108:15)
64 verbose cwd /home/mk29/Yue/StudyAUT/MyProject@AUT/summer plan/NodeJS chat example/nodejs-chat-master
65 error Linux 3.17.8-1-MANJARO
66 error argv "/usr/bin/node" "/usr/bin/npm" "install" "-g" "grunt-cli"
67 error node v0.10.35
68 error npm  v2.2.0
69 error path /usr/lib/node_modules/grunt-cli
70 error code EACCES
71 error errno 3
72 error Error: EACCES, mkdir '/usr/lib/node_modules/grunt-cli'
72 error  { [Error: EACCES, mkdir '/usr/lib/node_modules/grunt-cli']
72 error   errno: 3,
72 error   code: 'EACCES',
72 error   path: '/usr/lib/node_modules/grunt-cli',
72 error   fstream_type: 'Directory',
72 error   fstream_path: '/usr/lib/node_modules/grunt-cli',
72 error   fstream_class: 'DirWriter',
72 error   fstream_stack:
72 error    [ '/usr/lib/node_modules/npm/node_modules/fstream/lib/dir-writer.js:36:23',
72 error      '/usr/lib/node_modules/npm/node_modules/mkdirp/index.js:46:53',
72 error      'Object.oncomplete (fs.js:108:15)' ] }
73 error Please try running this command again as root/Administrator.
74 verbose exit [ 3, true ]
75 verbose unbuild lib/node_modules/grunt-cli
76 verbose gentlyRm vacuuming /usr/lib/node_modules/grunt-cli
